<?xml version="1.0" encoding="UTF-8"?>
<!-- Generated by org.testng.reporters.JUnitXMLReporter -->
<testsuite ignored="0" hostname="MC100032266" failures="0" tests="3" name="Command line test" time="115.041" errors="0" timestamp="2026-02-02T20:23:00 IST">
  <testcase classname="tests.RecruitmentTest" name="loginTest" time="1.234"/>
  <testcase classname="tests.RecruitmentTest" name="searchCandidateTest" time="71.417"/>
  <testcase classname="tests.RecruitmentTest" name="addCandidateTest" time="28.367"/>
</testsuite> <!-- Command line test -->
