<?xml version="1.0" encoding="UTF-8"?>
<!-- Generated by org.testng.reporters.JUnitXMLReporter -->
<testsuite ignored="2" hostname="MC100032266" failures="0" tests="3" name="Command line test" time="179.479" errors="0" timestamp="2026-02-10T19:20:51 IST">
  <testcase classname="tests.RecruitmentTest" name="loginTest" time="1.897"/>
  <testcase classname="tests.RecruitmentTest" name="searchCandidateTest" time="81.119"/>
  <testcase classname="tests.RecruitmentTest" name="addCandidateTest" time="45.204"/>
  <testcase classname="base.BaseTest" name="@AfterSuite tearDownReport" time="0.0">
    <ignored/>
  </testcase> <!-- @AfterSuite tearDownReport -->
  <testcase classname="base.BaseTest" name="@BeforeSuite setupReport" time="0.0">
    <ignored/>
  </testcase> <!-- @BeforeSuite setupReport -->
</testsuite> <!-- Command line test -->
