<?xml version="1.0" encoding="UTF-8"?>
<testng-results ignored="0" total="3" passed="3" failed="0" skipped="0">
  <reporter-output>
  </reporter-output>
  <suite started-at="2026-02-10T19:17:52 IST" name="Command line suite" finished-at="2026-02-10T19:20:51 IST" duration-ms="179479">
    <groups>
    </groups>
    <test started-at="2026-02-10T19:17:52 IST" name="Command line test" finished-at="2026-02-10T19:20:51 IST" duration-ms="179479">
      <class name="base.BaseTest">
        <test-method is-config="true" signature="setupReport()[pri:0, instance:base.BaseTest@b62d79]" started-at="2026-02-10T19:17:52 IST" name="setupReport" finished-at="2026-02-10T19:17:52 IST" duration-ms="12" status="PASS">
          <reporter-output>
          </reporter-output>
        </test-method> <!-- setupReport -->
        <test-method is-config="true" signature="tearDownReport()[pri:0, instance:base.BaseTest@b62d79]" started-at="2026-02-10T19:20:51 IST" name="tearDownReport" finished-at="2026-02-10T19:20:51 IST" duration-ms="12" status="PASS">
          <reporter-output>
          </reporter-output>
        </test-method> <!-- tearDownReport -->
      </class> <!-- base.BaseTest -->
      <class name="tests.RecruitmentTest">
        <test-method is-config="true" signature="setup()[pri:0, instance:tests.RecruitmentTest@6a84a97d]" started-at="2026-02-10T19:17:52 IST" name="setup" finished-at="2026-02-10T19:18:42 IST" duration-ms="50522" status="PASS">
          <reporter-output>
          </reporter-output>
        </test-method> <!-- setup -->
        <test-method signature="loginTest()[pri:1, instance:tests.RecruitmentTest@6a84a97d]" started-at="2026-02-10T19:18:42 IST" name="loginTest" finished-at="2026-02-10T19:18:44 IST" duration-ms="1897" status="PASS">
          <reporter-output>
          </reporter-output>
        </test-method> <!-- loginTest -->
        <test-method is-config="true" signature="takeScreenshotOnFailure(org.testng.ITestResult)[pri:0, instance:tests.RecruitmentTest@6a84a97d]" started-at="2026-02-10T19:18:44 IST" name="takeScreenshotOnFailure" finished-at="2026-02-10T19:18:44 IST" duration-ms="1" status="PASS">
          <params>
            <param index="0">
              <value>
                <![CDATA[[TestResult name=loginTest status=SUCCESS method=RecruitmentTest.loginTest()[pri:1, instance:tests.RecruitmentTest@6a84a97d] output={null}]]]>
              </value>
            </param>
          </params>
          <reporter-output>
          </reporter-output>
        </test-method> <!-- takeScreenshotOnFailure -->
        <test-method signature="searchCandidateTest()[pri:2, instance:tests.RecruitmentTest@6a84a97d]" started-at="2026-02-10T19:18:44 IST" name="searchCandidateTest" finished-at="2026-02-10T19:20:06 IST" depends-on-methods="tests.RecruitmentTest.loginTest" duration-ms="81119" status="PASS">
          <reporter-output>
          </reporter-output>
        </test-method> <!-- searchCandidateTest -->
        <test-method is-config="true" signature="takeScreenshotOnFailure(org.testng.ITestResult)[pri:0, instance:tests.RecruitmentTest@6a84a97d]" started-at="2026-02-10T19:20:06 IST" name="takeScreenshotOnFailure" finished-at="2026-02-10T19:20:06 IST" duration-ms="0" status="PASS">
          <params>
            <param index="0">
              <value>
                <![CDATA[[TestResult name=searchCandidateTest status=SUCCESS method=RecruitmentTest.searchCandidateTest()[pri:2, instance:tests.RecruitmentTest@6a84a97d] output={null}]]]>
              </value>
            </param>
          </params>
          <reporter-output>
          </reporter-output>
        </test-method> <!-- takeScreenshotOnFailure -->
        <test-method signature="addCandidateTest()[pri:3, instance:tests.RecruitmentTest@6a84a97d]" started-at="2026-02-10T19:20:06 IST" name="addCandidateTest" finished-at="2026-02-10T19:20:51 IST" depends-on-methods="tests.RecruitmentTest.loginTest" duration-ms="45204" status="PASS">
          <reporter-output>
          </reporter-output>
        </test-method> <!-- addCandidateTest -->
        <test-method is-config="true" signature="takeScreenshotOnFailure(org.testng.ITestResult)[pri:0, instance:tests.RecruitmentTest@6a84a97d]" started-at="2026-02-10T19:20:51 IST" name="takeScreenshotOnFailure" finished-at="2026-02-10T19:20:51 IST" duration-ms="0" status="PASS">
          <params>
            <param index="0">
              <value>
                <![CDATA[[TestResult name=addCandidateTest status=SUCCESS method=RecruitmentTest.addCandidateTest()[pri:3, instance:tests.RecruitmentTest@6a84a97d] output={null}]]]>
              </value>
            </param>
          </params>
          <reporter-output>
          </reporter-output>
        </test-method> <!-- takeScreenshotOnFailure -->
        <test-method is-config="true" signature="tearDown()[pri:0, instance:tests.RecruitmentTest@6a84a97d]" started-at="2026-02-10T19:20:51 IST" name="tearDown" finished-at="2026-02-10T19:20:51 IST" duration-ms="621" status="PASS">
          <reporter-output>
          </reporter-output>
        </test-method> <!-- tearDown -->
      </class> <!-- tests.RecruitmentTest -->
    </test> <!-- Command line test -->
  </suite> <!-- Command line suite -->
</testng-results>
