<?xml version="1.0" encoding="UTF-8"?>
<testng-results ignored="0" total="3" passed="3" failed="0" skipped="0">
  <reporter-output>
  </reporter-output>
  <suite started-at="2026-02-02T20:21:05 IST" name="Command line suite" finished-at="2026-02-02T20:23:00 IST" duration-ms="115041">
    <groups>
    </groups>
    <test started-at="2026-02-02T20:21:05 IST" name="Command line test" finished-at="2026-02-02T20:23:00 IST" duration-ms="115041">
      <class name="tests.RecruitmentTest">
        <test-method is-config="true" signature="setup()[pri:0, instance:tests.RecruitmentTest@49912c99]" started-at="2026-02-02T20:21:05 IST" name="setup" finished-at="2026-02-02T20:21:18 IST" duration-ms="13596" status="PASS">
          <reporter-output>
          </reporter-output>
        </test-method> <!-- setup -->
        <test-method signature="loginTest()[pri:1, instance:tests.RecruitmentTest@49912c99]" started-at="2026-02-02T20:21:18 IST" name="loginTest" description="Login with valid credentials" finished-at="2026-02-02T20:21:20 IST" duration-ms="1234" status="PASS">
          <reporter-output>
          </reporter-output>
        </test-method> <!-- loginTest -->
        <test-method is-config="true" signature="takeScreenshotOnFailure(org.testng.ITestResult)[pri:0, instance:tests.RecruitmentTest@49912c99]" started-at="2026-02-02T20:21:20 IST" name="takeScreenshotOnFailure" finished-at="2026-02-02T20:21:20 IST" duration-ms="3" status="PASS">
          <params>
            <param index="0">
              <value>
                <![CDATA[[TestResult name=loginTest status=SUCCESS method=RecruitmentTest.loginTest()[pri:1, instance:tests.RecruitmentTest@49912c99] output={null}]]]>
              </value>
            </param>
          </params>
          <reporter-output>
          </reporter-output>
        </test-method> <!-- takeScreenshotOnFailure -->
        <test-method signature="searchCandidateTest()[pri:2, instance:tests.RecruitmentTest@49912c99]" started-at="2026-02-02T20:21:20 IST" name="searchCandidateTest" description="Search candidates using Vacancy &amp; Status" finished-at="2026-02-02T20:22:31 IST" depends-on-methods="tests.RecruitmentTest.loginTest" duration-ms="71417" status="PASS">
          <reporter-output>
          </reporter-output>
        </test-method> <!-- searchCandidateTest -->
        <test-method is-config="true" signature="takeScreenshotOnFailure(org.testng.ITestResult)[pri:0, instance:tests.RecruitmentTest@49912c99]" started-at="2026-02-02T20:22:31 IST" name="takeScreenshotOnFailure" finished-at="2026-02-02T20:22:31 IST" duration-ms="1" status="PASS">
          <params>
            <param index="0">
              <value>
                <![CDATA[[TestResult name=searchCandidateTest status=SUCCESS method=RecruitmentTest.searchCandidateTest()[pri:2, instance:tests.RecruitmentTest@49912c99] output={null}]]]>
              </value>
            </param>
          </params>
          <reporter-output>
          </reporter-output>
        </test-method> <!-- takeScreenshotOnFailure -->
        <test-method signature="addCandidateTest()[pri:3, instance:tests.RecruitmentTest@49912c99]" started-at="2026-02-02T20:22:31 IST" name="addCandidateTest" description="Add new candidate to Recruitment" finished-at="2026-02-02T20:23:00 IST" depends-on-methods="tests.RecruitmentTest.loginTest" duration-ms="28367" status="PASS">
          <reporter-output>
          </reporter-output>
        </test-method> <!-- addCandidateTest -->
        <test-method is-config="true" signature="takeScreenshotOnFailure(org.testng.ITestResult)[pri:0, instance:tests.RecruitmentTest@49912c99]" started-at="2026-02-02T20:23:00 IST" name="takeScreenshotOnFailure" finished-at="2026-02-02T20:23:00 IST" duration-ms="0" status="PASS">
          <params>
            <param index="0">
              <value>
                <![CDATA[[TestResult name=addCandidateTest status=SUCCESS method=RecruitmentTest.addCandidateTest()[pri:3, instance:tests.RecruitmentTest@49912c99] output={null}]]]>
              </value>
            </param>
          </params>
          <reporter-output>
          </reporter-output>
        </test-method> <!-- takeScreenshotOnFailure -->
        <test-method is-config="true" signature="tearDown()[pri:0, instance:tests.RecruitmentTest@49912c99]" started-at="2026-02-02T20:23:00 IST" name="tearDown" finished-at="2026-02-02T20:23:00 IST" duration-ms="303" status="PASS">
          <reporter-output>
          </reporter-output>
        </test-method> <!-- tearDown -->
      </class> <!-- tests.RecruitmentTest -->
    </test> <!-- Command line test -->
  </suite> <!-- Command line suite -->
</testng-results>
