<?xml version="1.0" encoding="UTF-8"?>
<!-- Generated by org.testng.reporters.JUnitReportReporter -->
<testsuite hostname="MC100032266" failures="0" tests="3" name="tests.RecruitmentTest" time="128.221" errors="0" timestamp="2026-02-10T19:20:51 IST" skipped="0">
  <testcase classname="tests.RecruitmentTest" name="loginTest" time="1.898"/>
  <testcase classname="tests.RecruitmentTest" name="searchCandidateTest" time="81.119"/>
  <testcase classname="tests.RecruitmentTest" name="addCandidateTest" time="45.204"/>
</testsuite> <!-- tests.RecruitmentTest -->
