<?xml version="1.0" encoding="UTF-8"?>
<!-- Generated by org.testng.reporters.JUnitReportReporter -->
<testsuite hostname="MC100032266" failures="0" tests="3" name="tests.RecruitmentTest" time="101.022" errors="0" timestamp="2026-02-02T20:23:00 IST" skipped="0">
  <testcase classname="tests.RecruitmentTest" name="loginTest" time="1.235"/>
  <testcase classname="tests.RecruitmentTest" name="searchCandidateTest" time="71.417"/>
  <testcase classname="tests.RecruitmentTest" name="addCandidateTest" time="28.370"/>
</testsuite> <!-- tests.RecruitmentTest -->
